d:\xboxp\documents\c++\desafiofinal\desafiofinal\desafiofinal\x64\debug\vc143.pdb
d:\xboxp\documents\c++\desafiofinal\desafiofinal\desafiofinal\x64\debug\vc143.idb
d:\xboxp\documents\c++\desafiofinal\desafiofinal\desafiofinal\x64\debug\view.obj
d:\xboxp\documents\c++\desafiofinal\desafiofinal\desafiofinal\x64\debug\vendedor.obj
d:\xboxp\documents\c++\desafiofinal\desafiofinal\desafiofinal\x64\debug\tienda.obj
d:\xboxp\documents\c++\desafiofinal\desafiofinal\desafiofinal\x64\debug\presenter.obj
d:\xboxp\documents\c++\desafiofinal\desafiofinal\desafiofinal\x64\debug\prenda.obj
d:\xboxp\documents\c++\desafiofinal\desafiofinal\desafiofinal\x64\debug\pantalon.obj
d:\xboxp\documents\c++\desafiofinal\desafiofinal\desafiofinal\x64\debug\main.obj
d:\xboxp\documents\c++\desafiofinal\desafiofinal\desafiofinal\x64\debug\cotizacion.obj
d:\xboxp\documents\c++\desafiofinal\desafiofinal\desafiofinal\x64\debug\camisa.obj
d:\xboxp\documents\c++\desafiofinal\desafiofinal\x64\debug\desafiofinal.exe
d:\xboxp\documents\c++\desafiofinal\desafiofinal\desafiofinal\x64\debug\desafiofinal.ilk
d:\xboxp\documents\c++\desafiofinal\desafiofinal\x64\debug\desafiofinal.pdb
d:\xboxp\documents\c++\desafiofinal\desafiofinal\desafiofinal\x64\debug\desafiofinal.tlog\cl.command.1.tlog
d:\xboxp\documents\c++\desafiofinal\desafiofinal\desafiofinal\x64\debug\desafiofinal.tlog\cl.read.1.tlog
d:\xboxp\documents\c++\desafiofinal\desafiofinal\desafiofinal\x64\debug\desafiofinal.tlog\cl.write.1.tlog
d:\xboxp\documents\c++\desafiofinal\desafiofinal\desafiofinal\x64\debug\desafiofinal.tlog\link.command.1.tlog
d:\xboxp\documents\c++\desafiofinal\desafiofinal\desafiofinal\x64\debug\desafiofinal.tlog\link.read.1.tlog
d:\xboxp\documents\c++\desafiofinal\desafiofinal\desafiofinal\x64\debug\desafiofinal.tlog\link.write.1.tlog
